Compilación iniciada a las 14/01/2016 14:33:55.
     1>Proyecto "C:\Users\Antoni\Dropbox\Estudis\Master\Golden Axe\SDL Game.vcxproj" en el nodo 2 (Build destinos).
     1>C:\Program Files (x86)\MSBuild\Microsoft.Cpp\v4.0\V120\Microsoft.CppBuild.targets(388,5): warning MSB8028: The intermediate directory (Debug\) contains files shared from another project (SDL Game - Master 2.vcxproj).  This can lead to incorrect clean and rebuild behavior.
     1>ClCompile:
         C:\Program Files (x86)\Microsoft Visual Studio 12.0\VC\bin\CL.exe /c /ZI /nologo /W3 /WX- /sdl- /Od /Oy- /D _MBCS /Gm /EHsc /RTC1 /MDd /GS /fp:precise /Zc:wchar_t /Zc:forScope /Fo"Debug\\" /Fd"Debug\vc120.pdb" /Gd /TP /analyze- /errorReport:prompt ModulePlayer.cpp
         ModulePlayer.cpp
       Link:
         C:\Program Files (x86)\Microsoft Visual Studio 12.0\VC\bin\link.exe /ERRORREPORT:PROMPT /OUT:"C:\Users\Antoni\Dropbox\Estudis\Master\Golden Axe\Debug\GoldenAxe.exe" /INCREMENTAL /NOLOGO kernel32.lib user32.lib gdi32.lib winspool.lib comdlg32.lib advapi32.lib shell32.lib ole32.lib oleaut32.lib uuid.lib odbc32.lib odbccp32.lib /MANIFEST /MANIFESTUAC:"level='asInvoker' uiAccess='false'" /manifest:embed /DEBUG /PDB:"C:\Users\Antoni\Dropbox\Estudis\Master\Golden Axe\Debug\GoldenAxe.pdb" /SUBSYSTEM:WINDOWS /TLBID:1 /DYNAMICBASE /NXCOMPAT /IMPLIB:"C:\Users\Antoni\Dropbox\Estudis\Master\Golden Axe\Debug\GoldenAxe.lib" /MACHINE:X86 Debug\Application.obj
         Debug\Enemy.obj
         Debug\Log.obj
         Debug\Main.obj
         Debug\ModuleAudio.obj
         Debug\ModuleCollision.obj
         Debug\ModuleFadeToBlack.obj
         Debug\ModuleHud.obj
         Debug\ModuleInput.obj
         Debug\ModuleParticles.obj
         Debug\ModulePlayer.obj
         Debug\ModuleRender.obj
         Debug\ModuleSceneIntro.obj
         Debug\ModuleSceneLevel1.obj
         Debug\ModuleSceneSelectPlayer.obj
         Debug\ModuleIA.obj
         Debug\ModuleTextures.obj
         Debug\ModuleWindow.obj
         Debug\Timer.obj
         SDL Game.vcxproj -> C:\Users\Antoni\Dropbox\Estudis\Master\Golden Axe\Debug\GoldenAxe.exe
     1>Compilación del proyecto terminada "C:\Users\Antoni\Dropbox\Estudis\Master\Golden Axe\SDL Game.vcxproj" (Build destinos).

Compilación correcta.

Tiempo transcurrido 00:00:00.49
